<?xml version="1.0" encoding="UTF-8"?>
<!-- Generated by org.testng.reporters.JUnitXMLReporter -->
<testsuite hostname="TB-02-03-WL-56" ignored="9" name="Verify Homepage" tests="1" failures="1" timestamp="15 May 2017 11:23:52 GMT" time="0.042" errors="0">
  <testcase name="Verify_Header" time="0.012" classname="testcases.VerifyHomepage">
    <failure type="java.lang.NullPointerException">
      <![CDATA[java.lang.NullPointerException
	at testcases.VerifyHomepage.Verify_Header(VerifyHomepage.java:43)
... Removed 25 stack frames]]>
    </failure>
  </testcase> <!-- Verify_Header -->
  <testcase name="Verify_Infopane" time="0.0" classname="testcases.VerifyHomepage">
    <ignored/>
  </testcase> <!-- Verify_Infopane -->
  <testcase name="Verify_Footer" time="0.0" classname="testcases.VerifyHomepage">
    <ignored/>
  </testcase> <!-- Verify_Footer -->
  <testcase name="Verify_MeStripe" time="0.0" classname="testcases.VerifyHomepage">
    <ignored/>
  </testcase> <!-- Verify_MeStripe -->
  <testcase name="Verify_MainArticles" time="0.0" classname="testcases.VerifyHomepage">
    <ignored/>
  </testcase> <!-- Verify_MainArticles -->
  <testcase name="Verify_Login" time="0.0" classname="testcases.VerifyHomepage">
    <ignored/>
  </testcase> <!-- Verify_Login -->
  <testcase name="Verify_VerticalStripe" time="0.0" classname="testcases.VerifyHomepage">
    <ignored/>
  </testcase> <!-- Verify_VerticalStripe -->
  <testcase name="Verify_AllVerticals" time="0.0" classname="testcases.VerifyHomepage">
    <ignored/>
  </testcase> <!-- Verify_AllVerticals -->
  <testcase name="Verify_TrendingNow" time="0.0" classname="testcases.VerifyHomepage">
    <ignored/>
  </testcase> <!-- Verify_TrendingNow -->
  <testcase name="Verify_Settings" time="0.0" classname="testcases.VerifyHomepage">
    <ignored/>
  </testcase> <!-- Verify_Settings -->
</testsuite> <!-- Verify Homepage -->
