<?xml version="1.0" encoding="UTF-8"?>
<!-- Generated by org.testng.reporters.JUnitXMLReporter -->
<testsuite hostname="TB-02-03-W-56" ignored="2" name="Default test" tests="1" failures="0" timestamp="06 Jun 2017 09:37:32 GMT" time="27.071" errors="0">
  <testcase name="Verify_SignIn" time="20.929" classname="testcases.VerifyHomepage"/>
  <testcase name="Search" time="0.0" classname="testcases.VerifyHomepage">
    <ignored/>
  </testcase> <!-- Search -->
  <testcase name="Verify_Header" time="0.0" classname="testcases.VerifyHomepage">
    <ignored/>
  </testcase> <!-- Verify_Header -->
</testsuite> <!-- Default test -->
