<?xml version="1.0" encoding="UTF-8"?>
<!-- Generated by org.testng.reporters.JUnitXMLReporter -->
<testsuite hostname="TB-02-03-W-56" ignored="0" name="Default test" tests="4" failures="0" timestamp="09 Jun 2017 12:13:30 GMT" time="83.309" errors="0">
  <testcase name="Search" time="11.621" classname="testcases.VerifyHomepage"/>
  <testcase name="Verify_Header" time="7.756" classname="testcases.VerifyHomepage"/>
  <testcase name="Verify_Settings" time="13.087" classname="testcases.VerifyHomepage"/>
  <testcase name="Verify_SignIn" time="19.803" classname="testcases.VerifyHomepage"/>
</testsuite> <!-- Default test -->
