<?xml version="1.0" encoding="UTF-8"?>
<!-- Generated by org.testng.reporters.JUnitXMLReporter -->
<testsuite hostname="TB-02-03-W-56" ignored="3" name="Verify Homepage" tests="1" failures="0" timestamp="09 Jun 2017 12:11:21 GMT" time="18.48" errors="0">
  <testcase name="Search" time="10.782" classname="testcases.VerifyHomepage"/>
  <testcase name="Verify_SignIn" time="0.0" classname="testcases.VerifyHomepage">
    <ignored/>
  </testcase> <!-- Verify_SignIn -->
  <testcase name="Verify_Header" time="0.0" classname="testcases.VerifyHomepage">
    <ignored/>
  </testcase> <!-- Verify_Header -->
  <testcase name="Verify_Settings" time="0.0" classname="testcases.VerifyHomepage">
    <ignored/>
  </testcase> <!-- Verify_Settings -->
</testsuite> <!-- Verify Homepage -->
