<?xml version="1.0" encoding="UTF-8"?>
<!-- Generated by org.testng.reporters.JUnitXMLReporter -->
<testsuite hostname="TB-02-03-W-56" ignored="2" name="Verify Homepage" tests="1" failures="0" timestamp="06 Jun 2017 09:01:19 GMT" time="19.417" errors="0">
  <testcase name="Search" time="13.412" classname="testcases.VerifyHomepage"/>
  <testcase name="Verify_SignIn" time="0.0" classname="testcases.VerifyHomepage">
    <ignored/>
  </testcase> <!-- Verify_SignIn -->
  <testcase name="Verify_Header" time="0.0" classname="testcases.VerifyHomepage">
    <ignored/>
  </testcase> <!-- Verify_Header -->
</testsuite> <!-- Verify Homepage -->
