<?xml version="1.0" encoding="UTF-8"?>
<testng-results skipped="0" failed="0" ignored="2" total="3" passed="1">
  <reporter-output>
  </reporter-output>
  <suite name="MSN" duration-ms="27071" started-at="2017-06-06T09:37:05Z" finished-at="2017-06-06T09:37:32Z">
    <groups>
    </groups>
    <test name="Default test" duration-ms="27071" started-at="2017-06-06T09:37:05Z" finished-at="2017-06-06T09:37:32Z">
      <class name="testcases.VerifyHomepage">
        <test-method status="PASS" signature="setup()[pri:0, instance:testcases.VerifyHomepage@3d99d22e]" name="setup" is-config="true" duration-ms="6066" started-at="2017-06-06T15:07:05Z" finished-at="2017-06-06T15:07:11Z">
          <reporter-output>
          </reporter-output>
        </test-method> <!-- setup -->
        <test-method status="PASS" signature="Verify_SignIn()[pri:0, instance:testcases.VerifyHomepage@3d99d22e]" name="Verify_SignIn" duration-ms="20929" started-at="2017-06-06T15:07:11Z" finished-at="2017-06-06T15:07:32Z">
          <reporter-output>
          </reporter-output>
        </test-method> <!-- Verify_SignIn -->
        <test-method status="PASS" signature="teardown(java.lang.reflect.Method)[pri:0, instance:testcases.VerifyHomepage@3d99d22e]" name="teardown" is-config="true" duration-ms="50" started-at="2017-06-06T15:07:32Z" finished-at="2017-06-06T15:07:32Z">
          <params>
            <param index="0">
              <value>
                <![CDATA[public void testcases.VerifyHomepage.Verify_SignIn() throws java.io.IOException]]>
              </value>
            </param>
          </params>
          <reporter-output>
          </reporter-output>
        </test-method> <!-- teardown -->
      </class> <!-- testcases.VerifyHomepage -->
    </test> <!-- Default test -->
  </suite> <!-- MSN -->
</testng-results>
